<?xml version="1.0" encoding="UTF-8"?>
<coverage generated="1643682129274" clover="3.2.0">
  <project timestamp="1643682129274" name="All files">
    <metrics statements="9" coveredstatements="9" conditionals="0" coveredconditionals="0" methods="7" coveredmethods="7" elements="16" coveredelements="16" complexity="0" loc="9" ncloc="9" packages="1" files="1" classes="1"/>
    <file name="index.ts" path="/Users/vm/www/study/ts-data-structures/src/algorithms/Stack/index.ts">
      <metrics statements="9" coveredstatements="9" conditionals="0" coveredconditionals="0" methods="7" coveredmethods="7"/>
      <line num="2" count="8" type="stmt"/>
      <line num="5" count="20" type="stmt"/>
      <line num="7" count="20" type="stmt"/>
      <line num="11" count="1" type="stmt"/>
      <line num="15" count="1" type="stmt"/>
      <line num="19" count="1" type="stmt"/>
      <line num="23" count="5" type="stmt"/>
      <line num="27" count="2" type="stmt"/>
      <line num="31" count="4" type="stmt"/>
    </file>
  </project>
</coverage>
