{"/Users/vm/www/study/ts-data-structures/src/algorithms/Stack/index.ts": {"path":"/Users/vm/www/study/ts-data-structures/src/algorithms/Stack/index.ts","statementMap":{"0":{"start":{"line":2,"column":18},"end":{"line":2,"column":20}},"1":{"start":{"line":5,"column":4},"end":{"line":5,"column":28}},"2":{"start":{"line":7,"column":4},"end":{"line":7,"column":18}},"3":{"start":{"line":11,"column":4},"end":{"line":11,"column":27}},"4":{"start":{"line":15,"column":4},"end":{"line":15,"column":44}},"5":{"start":{"line":19,"column":4},"end":{"line":19,"column":19}},"6":{"start":{"line":23,"column":4},"end":{"line":23,"column":28}},"7":{"start":{"line":27,"column":4},"end":{"line":27,"column":31}},"8":{"start":{"line":31,"column":4},"end":{"line":31,"column":34}}},"fnMap":{"0":{"name":"(anonymous_0)","decl":{"start":{"line":4,"column":2},"end":{"line":4,"column":3}},"loc":{"start":{"line":4,"column":29},"end":{"line":8,"column":3}},"line":4},"1":{"name":"(anonymous_1)","decl":{"start":{"line":10,"column":2},"end":{"line":10,"column":3}},"loc":{"start":{"line":10,"column":15},"end":{"line":12,"column":3}},"line":10},"2":{"name":"(anonymous_2)","decl":{"start":{"line":14,"column":2},"end":{"line":14,"column":3}},"loc":{"start":{"line":14,"column":16},"end":{"line":16,"column":3}},"line":14},"3":{"name":"(anonymous_3)","decl":{"start":{"line":18,"column":2},"end":{"line":18,"column":3}},"loc":{"start":{"line":18,"column":17},"end":{"line":20,"column":3}},"line":18},"4":{"name":"(anonymous_4)","decl":{"start":{"line":22,"column":2},"end":{"line":22,"column":3}},"loc":{"start":{"line":22,"column":20},"end":{"line":24,"column":3}},"line":22},"5":{"name":"(anonymous_5)","decl":{"start":{"line":26,"column":2},"end":{"line":26,"column":3}},"loc":{"start":{"line":26,"column":24},"end":{"line":28,"column":3}},"line":26},"6":{"name":"(anonymous_6)","decl":{"start":{"line":30,"column":2},"end":{"line":30,"column":3}},"loc":{"start":{"line":30,"column":23},"end":{"line":32,"column":3}},"line":30}},"branchMap":{},"s":{"0":8,"1":20,"2":20,"3":1,"4":1,"5":1,"6":5,"7":2,"8":4},"f":{"0":20,"1":1,"2":1,"3":1,"4":5,"5":2,"6":4},"b":{},"_coverageSchema":"1a1c01bbd47fc00a2c39e90264f33305004495a9","hash":"a30ffc813922ecd250716a61b1bce517c96cd490"}
}
