TN:
SF:src/algorithms/Queue/index.ts
FN:4,(anonymous_0)
FN:8,(anonymous_1)
FN:12,(anonymous_2)
FN:16,(anonymous_3)
FN:20,(anonymous_4)
FN:24,(anonymous_5)
FN:28,(anonymous_6)
FNF:7
FNH:7
FNDA:20,(anonymous_0)
FNDA:1,(anonymous_1)
FNDA:1,(anonymous_2)
FNDA:1,(anonymous_3)
FNDA:5,(anonymous_4)
FNDA:2,(anonymous_5)
FNDA:4,(anonymous_6)
DA:2,8
DA:5,20
DA:9,1
DA:13,1
DA:17,1
DA:21,5
DA:25,2
DA:29,4
LF:8
LH:8
BRF:0
BRH:0
end_of_record
TN:
SF:src/algorithms/Stack/index.ts
FN:4,(anonymous_0)
FN:10,(anonymous_1)
FN:14,(anonymous_2)
FN:18,(anonymous_3)
FN:22,(anonymous_4)
FN:26,(anonymous_5)
FN:30,(anonymous_6)
FNF:7
FNH:7
FNDA:20,(anonymous_0)
FNDA:1,(anonymous_1)
FNDA:1,(anonymous_2)
FNDA:1,(anonymous_3)
FNDA:5,(anonymous_4)
FNDA:2,(anonymous_5)
FNDA:4,(anonymous_6)
DA:2,8
DA:5,20
DA:7,20
DA:11,1
DA:15,1
DA:19,1
DA:23,5
DA:27,2
DA:31,4
LF:9
LH:9
BRF:0
BRH:0
end_of_record
